Arguments: 
  /usr/bin/node /home/sirus/.yarn/bin/yarn.js install

PATH: 
  /home/sirus/.yarn/bin:/home/sirus/.config/yarn/global/node_modules/.bin:/home/sirus/.yarn/bin:/home/sirus/.config/yarn/global/node_modules/.bin:/usr/local/sbin:/usr/local/bin:/usr/sbin:/usr/bin:/sbin:/bin:/usr/games:/usr/local/games:/snap/bin:/snap/bin

Yarn version: 
  1.22.15

Node version: 
  16.13.0

Platform: 
  linux x64

Trace: 
  Error: getaddrinfo EAI_AGAIN registry.yarnpkg.com
      at GetAddrInfoReqWrap.onlookup [as oncomplete] (node:dns:71:26)

npm manifest: 
  {
    "name": "gdocs-server",
    "version": "1.0.0",
    "description": "",
    "type": "module",
    "main": "index.js",
    "scripts": {
      "start": "node index.js",
      "test": "echo \"Error: no test specified\" && exit 1"
    },
    "author": "",
    "license": "ISC",
    "dependencies": {
      "cors": "^2.8.5",
      "dotenv": "^10.0.0",
      "express-async-handler": "^1.2.0",
      "firebase": "^9.1.3",
      "jsonwebtoken": "^8.5.1",
      "moment": "^2.29.1",
      "mongoose": "^6.0.11",
      "nodemon": "^2.0.13",
      "socket.io": "^4.3.1"
    }
  }

yarn manifest: 
  No manifest

Lockfile: 
  No lockfile
